<?xml version="1.0" encoding="UTF-8"?>
<testsuites name="jest tests" tests="19" failures="0" errors="0" time="15.38">
  <testsuite name="undefined" errors="0" failures="0" skipped="0" timestamp="2023-07-24T11:28:47" time="11.806" tests="1">
    <testcase classname=" renders correctly" name=" renders correctly" time="0.044">
    </testcase>
  </testsuite>
  <testsuite name="Checkbox component" errors="0" failures="0" skipped="0" timestamp="2023-07-24T11:28:47" time="12.086" tests="6">
    <testcase classname="Checkbox component size sm" name="Checkbox component size sm" time="0.083">
    </testcase>
    <testcase classname="Checkbox component size md" name="Checkbox component size md" time="0.027">
    </testcase>
    <testcase classname="Checkbox component size lg" name="Checkbox component size lg" time="0.06">
    </testcase>
    <testcase classname="Checkbox component isInvalid" name="Checkbox component isInvalid" time="0.067">
    </testcase>
    <testcase classname="Checkbox component isDisabled" name="Checkbox component isDisabled" time="0.065">
    </testcase>
    <testcase classname="Checkbox component isReadOnly" name="Checkbox component isReadOnly" time="0.024">
    </testcase>
  </testsuite>
  <testsuite name="Button component" errors="0" failures="0" skipped="0" timestamp="2023-07-24T11:28:47" time="14.332" tests="12">
    <testcase classname="Button component action primary" name="Button component action primary" time="0.073">
    </testcase>
    <testcase classname="Button component action secondary" name="Button component action secondary" time="0.02">
    </testcase>
    <testcase classname="Button component action positive" name="Button component action positive" time="0.02">
    </testcase>
    <testcase classname="Button component action negative" name="Button component action negative" time="0.019">
    </testcase>
    <testcase classname="Button component variant link" name="Button component variant link" time="0.023">
    </testcase>
    <testcase classname="Button component variant outline" name="Button component variant outline" time="0.017">
    </testcase>
    <testcase classname="Button component variant solid" name="Button component variant solid" time="0.019">
    </testcase>
    <testcase classname="Button component size xs" name="Button component size xs" time="0.023">
    </testcase>
    <testcase classname="Button component size sm" name="Button component size sm" time="0.008">
    </testcase>
    <testcase classname="Button component size md" name="Button component size md" time="0.006">
    </testcase>
    <testcase classname="Button component size lg" name="Button component size lg" time="0.009">
    </testcase>
    <testcase classname="Button component size xl" name="Button component size xl" time="0.007">
    </testcase>
  </testsuite>
</testsuites>