<?xml version="1.0" encoding="UTF-8"?>
<testsuites name="jest tests" tests="18" failures="0" errors="0" time="129.043">
  <testsuite name="undefined" errors="0" failures="0" skipped="0" timestamp="2023-05-09T10:55:33" time="120.235" tests="1">
    <testcase classname=" renders correctly" name=" renders correctly" time="0.117">
    </testcase>
  </testsuite>
  <testsuite name="Checkbox component" errors="0" failures="0" skipped="0" timestamp="2023-05-09T10:55:33" time="121.171" tests="6">
    <testcase classname="Checkbox component size sm" name="Checkbox component size sm" time="0.44">
    </testcase>
    <testcase classname="Checkbox component size md" name="Checkbox component size md" time="0.083">
    </testcase>
    <testcase classname="Checkbox component size lg" name="Checkbox component size lg" time="0.128">
    </testcase>
    <testcase classname="Checkbox component isInvalid" name="Checkbox component isInvalid" time="0.316">
    </testcase>
    <testcase classname="Checkbox component isDisabled" name="Checkbox component isDisabled" time="0.192">
    </testcase>
    <testcase classname="Checkbox component isReadOnly" name="Checkbox component isReadOnly" time="0.051">
    </testcase>
  </testsuite>
  <testsuite name="Button component" errors="0" failures="0" skipped="0" timestamp="2023-05-09T10:55:33" time="123.224" tests="11">
    <testcase classname="Button component action primary" name="Button component action primary" time="0.186">
    </testcase>
    <testcase classname="Button component action secondary" name="Button component action secondary" time="0.042">
    </testcase>
    <testcase classname="Button component action positive" name="Button component action positive" time="0.026">
    </testcase>
    <testcase classname="Button component action negative" name="Button component action negative" time="0.022">
    </testcase>
    <testcase classname="Button component variant link" name="Button component variant link" time="0.05">
    </testcase>
    <testcase classname="Button component variant outline" name="Button component variant outline" time="0.041">
    </testcase>
    <testcase classname="Button component variant solid" name="Button component variant solid" time="0.052">
    </testcase>
    <testcase classname="Button component size xs" name="Button component size xs" time="0.077">
    </testcase>
    <testcase classname="Button component size sm" name="Button component size sm" time="0.08">
    </testcase>
    <testcase classname="Button component size md" name="Button component size md" time="0.131">
    </testcase>
    <testcase classname="Button component size lg" name="Button component size lg" time="0.015">
    </testcase>
  </testsuite>
</testsuites>