<?xml version="1.0" encoding="UTF-8"?>
<testsuites name="jest tests" tests="6" failures="0" errors="0" time="7.784">
  <testsuite name="Box component" errors="0" failures="0" skipped="0" timestamp="2023-04-10T09:14:38" time="6.546" tests="1">
    <testcase classname="Box component matches snapshot" name="Box component matches snapshot" time="0.028">
    </testcase>
  </testsuite>
  <testsuite name="Button component" errors="0" failures="0" skipped="0" timestamp="2023-04-10T09:14:38" time="6.903" tests="5">
    <testcase classname="Button component matches snapshot" name="Button component matches snapshot" time="0.044">
    </testcase>
    <testcase classname="Button component Button disabled" name="Button component Button disabled" time="0.005">
    </testcase>
    <testcase classname="Button component Button hovered" name="Button component Button hovered" time="0.003">
    </testcase>
    <testcase classname="Button component " name="Button component " time="0.003">
    </testcase>
    <testcase classname="Button component should press button" name="Button component should press button" time="0.004">
    </testcase>
  </testsuite>
</testsuites>